<?xml version="1.0" encoding="UTF-8" ?>
<testsuites>
 <testsuite name="Calculator Page" timestamp="2017-08-29T16:47:28" hostname="localhost" time="14.455" errors="0" tests="2" skipped="0" failures="0">
  <testcase classname="Calculator Page" name="History should be added to the table as the calculations are run" time="7.229">
  </testcase>
  <testcase classname="Calculator Page" name="The add number result should display correctly." time="7.225">
  </testcase>
 </testsuite>
</testsuites>